Restler Information: 0 : Starting task Fuzz...
    DateTime=2022-01-09T05:30:53.3013322Z
Restler Information: 0 : Launching 'python.exe --version'
    DateTime=2022-01-09T05:30:53.5306418Z
Restler Information: 0 : Process execution terminated in 00:00:00.0335953 with exit code 0x0: 'python.exe --version'
    DateTime=2022-01-09T05:30:53.5685238Z
Restler Information: 0 : (23396) python.exe --version exited with code: 0
    DateTime=2022-01-09T05:30:53.5728137Z
Restler Information: 0 : Launching 'python.exe -B "E:\code\restler_bin\restler\../engine/restler.py" --restler_grammar "E:\code\restler_bin\restler\Compile\grammar.py" --custom_mutations "E:\code\restler_bin\restler\Compile\dict.json" --set_version 8.3.0  --token_refresh_interval 3600 --token_refresh_cmd "python E:\code\get_token/main.py"  --no_ssl   --settings "E:\code\restler_bin\setting.json" --enable_checkers * --disable_checkers namespacerule --time_budget 3.000000   --include_user_agent --no_tokens_in_logs t --garbage_collection_interval 30 --fuzzing_mode bfs-fast'
    DateTime=2022-01-09T05:30:53.5825713Z
Restler Information: 0 : Ctrl-C intercepted. Long running tasks should have exited. Uploading logs.
    DateTime=2022-01-09T06:32:36.4025547Z
Restler Information: 0 : Process execution terminated in 01:01:43.1949868 with exit code 0x0: 'python.exe -B "E:\code\restler_bin\restler\../engine/restler.py" --restler_grammar "E:\code\restler_bin\restler\Compile\grammar.py" --custom_mutations "E:\code\restler_bin\restler\Compile\dict.json" --set_version 8.3.0  --token_refresh_interval 3600 --token_refresh_cmd "python E:\code\get_token/main.py"  --no_ssl   --settings "E:\code\restler_bin\setting.json" --enable_checkers * --disable_checkers namespacerule --time_budget 3.000000   --include_user_agent --no_tokens_in_logs t --garbage_collection_interval 30 --fuzzing_mode bfs-fast'
    DateTime=2022-01-09T06:32:36.7776676Z
Restler Information: 0 : (18780) python.exe -B "E:\code\restler_bin\restler\../engine/restler.py" --restler_grammar "E:\code\restler_bin\restler\Compile\grammar.py" --custom_mutations "E:\code\restler_bin\restler\Compile\dict.json" --set_version 8.3.0  --token_refresh_interval 3600 --token_refresh_cmd "python E:\code\get_token/main.py"  --no_ssl   --settings "E:\code\restler_bin\setting.json" --enable_checkers * --disable_checkers namespacerule --time_budget 3.000000   --include_user_agent --no_tokens_in_logs t --garbage_collection_interval 30 --fuzzing_mode bfs-fast exited with code: 0
    DateTime=2022-01-09T06:32:36.7777434Z
Restler Information: 0 : Launching 'dotnet "E:\code\restler_bin\restler\../resultsAnalyzer/Restler.ResultsAnalyzer.dll" analyze "E:\code\restler_bin\restler\Fuzz" --output_dir "E:\code\restler_bin\restler\Fuzz\ResponseBuckets" --dictionary_file "E:\code\restler_bin\restler\Compile\dict.json" --max_instances_per_bucket 10'
    DateTime=2022-01-09T06:32:36.7863916Z
Restler Information: 0 : Ctrl-C intercepted. Long running tasks should have exited. Uploading logs.
    DateTime=2022-01-09T06:32:37.0816505Z
Restler Information: 0 : Process execution terminated in 00:00:00.3000405 with exit code 0xC000013A: 'dotnet "E:\code\restler_bin\restler\../resultsAnalyzer/Restler.ResultsAnalyzer.dll" analyze "E:\code\restler_bin\restler\Fuzz" --output_dir "E:\code\restler_bin\restler\Fuzz\ResponseBuckets" --dictionary_file "E:\code\restler_bin\restler\Compile\dict.json" --max_instances_per_bucket 10'
    DateTime=2022-01-09T06:32:37.0865236Z
Restler Information: 0 : (22760) dotnet "E:\code\restler_bin\restler\../resultsAnalyzer/Restler.ResultsAnalyzer.dll" analyze "E:\code\restler_bin\restler\Fuzz" --output_dir "E:\code\restler_bin\restler\Fuzz\ResponseBuckets" --dictionary_file "E:\code\restler_bin\restler\Compile\dict.json" --max_instances_per_bucket 10 exited with code: -1073741510
    DateTime=2022-01-09T06:32:37.0866328Z
Restler Error: 0 : Results analyzer for logs in E:\code\restler_bin\restler\Fuzz failed.
    DateTime=2022-01-09T06:32:37.0886561Z
Restler Information: 0 : Testing summary was not found.
    DateTime=2022-01-09T06:32:37.0956243Z
Restler Information: 0 : Task Fuzz succeeded.
    DateTime=2022-01-09T06:32:37.0972804Z
Restler Information: 0 : Collecting logs...
    DateTime=2022-01-09T06:32:37.1019489Z
